\BOOKMARK [1][-]{section.0.1}{Introduction}{}% 1
\BOOKMARK [2][-]{subsection.0.1.1}{Background}{section.0.1}% 2
\BOOKMARK [2][-]{subsection.0.1.2}{Limitations}{section.0.1}% 3
\BOOKMARK [2][-]{subsection.0.1.3}{Approach}{section.0.1}% 4
\BOOKMARK [2][-]{subsection.0.1.4}{Research Question, Aim, Motivation}{section.0.1}% 5
\BOOKMARK [2][-]{subsection.0.1.5}{Scope and Limitations}{section.0.1}% 6
\BOOKMARK [1][-]{section.0.2}{Methods}{}% 7
\BOOKMARK [2][-]{subsection.0.2.1}{Foundations \046 Computational Framework}{section.0.2}% 8
\BOOKMARK [2][-]{subsection.0.2.2}{FlowCoder}{section.0.2}% 9
\BOOKMARK [2][-]{subsection.0.2.3}{Design}{section.0.2}% 10
\BOOKMARK [1][-]{section.0.3}{Results}{}% 11
\BOOKMARK [2][-]{subsection.0.3.1}{Experiment 1}{section.0.3}% 12
\BOOKMARK [2][-]{subsection.0.3.2}{Experiment 2}{section.0.3}% 13
\BOOKMARK [1][-]{section.0.4}{Discussion}{}% 14
\BOOKMARK [2][-]{subsection.0.4.1}{FlowCoder}{section.0.4}% 15
\BOOKMARK [2][-]{subsection.0.4.2}{World Model}{section.0.4}% 16
\BOOKMARK [2][-]{subsection.0.4.3}{Concepts}{section.0.4}% 17
\BOOKMARK [2][-]{subsection.0.4.4}{System 1 \046 System 2}{section.0.4}% 18
\BOOKMARK [2][-]{subsection.0.4.5}{Limitations \046 Future Work}{section.0.4}% 19
\BOOKMARK [1][-]{section.0.5}{Conclusion}{}% 20
\BOOKMARK [0][-]{section*.43}{Acronyms}{}% 21
\BOOKMARK [0][-]{appendix.A}{Domain Specific Language \(DSL\)}{}% 22
\BOOKMARK [1][-]{section.A.1}{Semantics}{appendix.A}% 23
\BOOKMARK [1][-]{section.A.2}{Primitive Types}{appendix.A}% 24
\BOOKMARK [0][-]{appendix.B}{Experiment Hyperparameters}{}% 25
\BOOKMARK [0][-]{appendix.C}{Model Parameters}{}% 26
\BOOKMARK [0][-]{appendix.D}{Formal Grammars}{}% 27
\BOOKMARK [0][-]{appendix.E}{Levenshtein Distance}{}% 28
\BOOKMARK [0][-]{appendix.F}{Trajectory Balance Loss}{}% 29
\BOOKMARK [0][-]{appendix.G}{Variational Inference}{}% 30
